<?xml version="1.0" encoding="UTF-8"?>
<testng-results skipped="0" failed="0" total="1" passed="1">
  <reporter-output>
  </reporter-output>
  <suite name="Default suite" duration-ms="28703" started-at="2015-07-04T08:04:55Z" finished-at="2015-07-04T08:05:23Z">
    <groups>
    </groups>
    <test name="Default test" duration-ms="28703" started-at="2015-07-04T08:04:55Z" finished-at="2015-07-04T08:05:23Z">
      <class name="property.PropertyTest">
        <test-method status="PASS" signature="beforeClass()[pri:0, instance:property.PropertyTest@18ee9d6]" name="beforeClass" is-config="true" duration-ms="19484" started-at="2015-07-04T16:04:55Z" finished-at="2015-07-04T16:05:14Z">
          <reporter-output>
          </reporter-output>
        </test-method> <!-- beforeClass -->
        <test-method status="PASS" signature="f()[pri:0, instance:property.PropertyTest@18ee9d6]" name="f" duration-ms="9172" started-at="2015-07-04T16:05:14Z" finished-at="2015-07-04T16:05:23Z">
          <reporter-output>
          </reporter-output>
        </test-method> <!-- f -->
        <test-method status="PASS" signature="afterClass()[pri:0, instance:property.PropertyTest@18ee9d6]" name="afterClass" is-config="true" duration-ms="47" started-at="2015-07-04T16:05:23Z" finished-at="2015-07-04T16:05:23Z">
          <reporter-output>
          </reporter-output>
        </test-method> <!-- afterClass -->
      </class> <!-- property.PropertyTest -->
    </test> <!-- Default test -->
  </suite> <!-- Default suite -->
</testng-results>
